<?xml version="1.0" encoding="UTF-8"?>
<testsuite xmlns:xsi="http://www.w3.org/2001/XMLSchema-instance" xsi:noNamespaceSchemaLocation="https://maven.apache.org/surefire/maven-surefire-plugin/xsd/surefire-test-report-3.0.xsd" version="3.0" name="IteratorTest" time="0.024" tests="5" errors="0" skipped="0" failures="0">
  <properties>
[...]
</properties>
  <testcase name="testRemoveSenzaNext" classname="IteratorTest" time="0.006"/>
  <testcase name="testDoppioRemove" classname="IteratorTest" time="0.003"/>
  <testcase name="testNextOltreLimite" classname="IteratorTest" time="0.001"/>
  <testcase name="testRimozione" classname="IteratorTest" time="0.004"/>
  <testcase name="testIterazioneCompleta" classname="IteratorTest" time="0.004"/>
</testsuite>